<?xml version="1.0" encoding="UTF-8"?>
<!-- Generated by org.testng.reporters.JUnitReportReporter -->
<testsuite hostname="DESKTOP-4FTO22N" name="Practiclademo.Practical.Demo2" tests="2" failures="0" timestamp="24 Aug 2019 05:16:34 GMT" time="64.033" errors="0">
  <testcase name="search" time="39.508" classname="Practiclademo.Practical.Demo2"/>
  <testcase name="Bellnotification" time="24.525" classname="Practiclademo.Practical.Demo2"/>
</testsuite> <!-- Practiclademo.Practical.Demo2 -->
