<?xml version="1.0" encoding="UTF-8"?>
<!-- Generated by org.testng.reporters.JUnitReportReporter -->
<testsuite hostname="DESKTOP-4FTO22N" name="Practiclademo.Practical.Demo3" tests="2" failures="0" timestamp="24 Aug 2019 05:16:33 GMT" time="34.529" errors="0">
  <testcase name="menuclick" time="18.473" classname="Practiclademo.Practical.Demo3"/>
  <testcase name="logovalid" time="16.056" classname="Practiclademo.Practical.Demo3"/>
</testsuite> <!-- Practiclademo.Practical.Demo3 -->
